<?xml version="1.0" encoding="UTF-8"?>
<!-- Generated by org.testng.reporters.JUnitReportReporter -->
<testsuite hostname="brillos-MacBook-Air.local" failures="0" tests="1" name="TestCases.searchTest" time="8.643" errors="0" timestamp="2020-09-29T17:01:16 NZDT" skipped="0">
  <testcase classname="TestCases.searchTest" name="searchTest" time="8.643"/>
  <system-out/>
</testsuite> <!-- TestCases.searchTest -->
