<?xml version="1.0" encoding="UTF-8"?>
<!-- Generated by org.testng.reporters.JUnitReportReporter -->
<testsuite hostname="brillos-MacBook-Air.local" failures="0" tests="1" name="TestCases.carDetailsTest" time="11.185" errors="0" timestamp="2020-09-29T22:03:00 NZDT" skipped="0">
  <testcase classname="TestCases.carDetailsTest" name="searchTest" time="11.185"/>
  <system-out/>
</testsuite> <!-- TestCases.carDetailsTest -->
